mag 14, 2014 2:54:40 PM org.apache.catalina.core.AprLifecycleListener init
Informazioni: The APR based Apache Tomcat Native library which allows optimal performance in production environments was not found on the java.library.path: /usr/java/packages/lib/amd64:/usr/lib64:/lib64:/lib:/usr/lib
mag 14, 2014 2:54:40 PM org.apache.tomcat.util.digester.SetPropertiesRule begin
Avvertenza: [SetPropertiesRule]{Server/Service/Engine/Host} Setting property 'xmlValidation' to 'false' did not find a matching property.
mag 14, 2014 2:54:40 PM org.apache.tomcat.util.digester.SetPropertiesRule begin
Avvertenza: [SetPropertiesRule]{Server/Service/Engine/Host} Setting property 'xmlNamespaceAware' to 'false' did not find a matching property.
mag 14, 2014 2:54:40 PM org.apache.coyote.AbstractProtocol init
Informazioni: Initializing ProtocolHandler ["http-bio-8080"]
mag 14, 2014 2:54:40 PM org.apache.coyote.AbstractProtocol init
Informazioni: Initializing ProtocolHandler ["ajp-bio-8009"]
mag 14, 2014 2:54:40 PM org.apache.catalina.startup.Catalina load
Informazioni: Initialization processed in 1352 ms
mag 14, 2014 2:54:40 PM org.apache.catalina.core.StandardService startInternal
Informazioni: Starting service Catalina
mag 14, 2014 2:54:40 PM org.apache.catalina.core.StandardEngine startInternal
Informazioni: Starting Servlet Engine: Apache Tomcat/7.0.30
mag 14, 2014 2:54:40 PM org.apache.catalina.startup.HostConfig deployDirectory
Informazioni: Deploying web application directory /home/accounts/studenti/id224zzf/tomcat/webapps/corsostudi
mag 14, 2014 2:54:40 PM org.apache.catalina.startup.SetContextPropertiesRule begin
Avvertenza: [SetContextPropertiesRule]{Context} Setting property 'isInvokerEnabled' to 'true' did not find a matching property.
mag 14, 2014 2:54:42 PM org.apache.catalina.startup.HostConfig deployDirectory
Informazioni: Deploying web application directory /home/accounts/studenti/id224zzf/tomcat/webapps/hello
mag 14, 2014 2:54:42 PM org.apache.catalina.startup.SetContextPropertiesRule begin
Avvertenza: [SetContextPropertiesRule]{Context} Setting property 'isInvokerEnabled' to 'true' did not find a matching property.
mag 14, 2014 2:54:43 PM org.apache.catalina.startup.HostConfig deployDirectory
Informazioni: Deploying web application directory /home/accounts/studenti/id224zzf/tomcat/webapps/ROOT
mag 14, 2014 2:54:43 PM org.apache.catalina.startup.SetContextPropertiesRule begin
Avvertenza: [SetContextPropertiesRule]{Context} Setting property 'isInvokerEnabled' to 'true' did not find a matching property.
mag 14, 2014 2:54:43 PM org.apache.coyote.AbstractProtocol start
Informazioni: Starting ProtocolHandler ["http-bio-8080"]
mag 14, 2014 2:54:43 PM org.apache.coyote.AbstractProtocol start
Informazioni: Starting ProtocolHandler ["ajp-bio-8009"]
mag 14, 2014 2:54:43 PM org.apache.catalina.startup.Catalina start
Informazioni: Server startup in 2819 ms
mag 14, 2014 4:46:26 PM org.apache.catalina.core.StandardServer await
Informazioni: A valid shutdown command was received via the shutdown port. Stopping the Server instance.
mag 14, 2014 4:46:26 PM org.apache.coyote.AbstractProtocol pause
Informazioni: Pausing ProtocolHandler ["http-bio-8080"]
mag 14, 2014 4:46:26 PM org.apache.coyote.AbstractProtocol pause
Informazioni: Pausing ProtocolHandler ["ajp-bio-8009"]
mag 14, 2014 4:46:33 PM org.apache.catalina.core.AprLifecycleListener init
Informazioni: The APR based Apache Tomcat Native library which allows optimal performance in production environments was not found on the java.library.path: /usr/java/packages/lib/amd64:/usr/lib64:/lib64:/lib:/usr/lib
mag 14, 2014 4:46:34 PM org.apache.tomcat.util.digester.SetPropertiesRule begin
Avvertenza: [SetPropertiesRule]{Server/Service/Engine/Host} Setting property 'xmlValidation' to 'false' did not find a matching property.
mag 14, 2014 4:46:34 PM org.apache.tomcat.util.digester.SetPropertiesRule begin
Avvertenza: [SetPropertiesRule]{Server/Service/Engine/Host} Setting property 'xmlNamespaceAware' to 'false' did not find a matching property.
mag 14, 2014 4:46:34 PM org.apache.coyote.AbstractProtocol init
Informazioni: Initializing ProtocolHandler ["http-bio-8080"]
mag 14, 2014 4:46:34 PM org.apache.coyote.AbstractProtocol init
Informazioni: Initializing ProtocolHandler ["ajp-bio-8009"]
mag 14, 2014 4:46:34 PM org.apache.catalina.startup.Catalina load
Informazioni: Initialization processed in 587 ms
mag 14, 2014 4:46:34 PM org.apache.catalina.core.StandardService startInternal
Informazioni: Starting service Catalina
mag 14, 2014 4:46:34 PM org.apache.catalina.core.StandardEngine startInternal
Informazioni: Starting Servlet Engine: Apache Tomcat/7.0.30
mag 14, 2014 4:46:34 PM org.apache.catalina.startup.HostConfig deployDirectory
Informazioni: Deploying web application directory /home/accounts/studenti/id224zzf/tomcat/webapps/corsostudi
mag 14, 2014 4:46:34 PM org.apache.catalina.startup.SetContextPropertiesRule begin
Avvertenza: [SetContextPropertiesRule]{Context} Setting property 'isInvokerEnabled' to 'true' did not find a matching property.
mag 14, 2014 4:46:35 PM org.apache.catalina.startup.HostConfig deployDirectory
Informazioni: Deploying web application directory /home/accounts/studenti/id224zzf/tomcat/webapps/hello
mag 14, 2014 4:46:35 PM org.apache.catalina.startup.SetContextPropertiesRule begin
Avvertenza: [SetContextPropertiesRule]{Context} Setting property 'isInvokerEnabled' to 'true' did not find a matching property.
mag 14, 2014 4:46:36 PM org.apache.catalina.startup.HostConfig deployDirectory
Informazioni: Deploying web application directory /home/accounts/studenti/id224zzf/tomcat/webapps/ROOT
mag 14, 2014 4:46:36 PM org.apache.catalina.startup.SetContextPropertiesRule begin
Avvertenza: [SetContextPropertiesRule]{Context} Setting property 'isInvokerEnabled' to 'true' did not find a matching property.
mag 14, 2014 4:46:36 PM org.apache.coyote.AbstractProtocol start
Informazioni: Starting ProtocolHandler ["http-bio-8080"]
mag 14, 2014 4:46:36 PM org.apache.coyote.AbstractProtocol start
Informazioni: Starting ProtocolHandler ["ajp-bio-8009"]
mag 14, 2014 4:46:36 PM org.apache.catalina.startup.Catalina start
Informazioni: Server startup in 2483 ms
mag 14, 2014 5:14:49 PM org.apache.catalina.core.StandardServer await
Informazioni: A valid shutdown command was received via the shutdown port. Stopping the Server instance.
mag 14, 2014 5:14:49 PM org.apache.coyote.AbstractProtocol pause
Informazioni: Pausing ProtocolHandler ["http-bio-8080"]
mag 14, 2014 5:15:21 PM org.apache.catalina.core.AprLifecycleListener init
Informazioni: The APR based Apache Tomcat Native library which allows optimal performance in production environments was not found on the java.library.path: /usr/java/packages/lib/amd64:/usr/lib64:/lib64:/lib:/usr/lib
mag 14, 2014 5:15:21 PM org.apache.tomcat.util.digester.SetPropertiesRule begin
Avvertenza: [SetPropertiesRule]{Server/Service/Engine/Host} Setting property 'xmlValidation' to 'false' did not find a matching property.
mag 14, 2014 5:15:21 PM org.apache.tomcat.util.digester.SetPropertiesRule begin
Avvertenza: [SetPropertiesRule]{Server/Service/Engine/Host} Setting property 'xmlNamespaceAware' to 'false' did not find a matching property.
mag 14, 2014 5:15:21 PM org.apache.coyote.AbstractProtocol init
Informazioni: Initializing ProtocolHandler ["http-bio-8080"]
mag 14, 2014 5:15:21 PM org.apache.coyote.AbstractProtocol init
Informazioni: Initializing ProtocolHandler ["ajp-bio-8009"]
mag 14, 2014 5:15:21 PM org.apache.catalina.startup.Catalina load
Informazioni: Initialization processed in 638 ms
mag 14, 2014 5:15:21 PM org.apache.catalina.core.StandardService startInternal
Informazioni: Starting service Catalina
mag 14, 2014 5:15:21 PM org.apache.catalina.core.StandardEngine startInternal
Informazioni: Starting Servlet Engine: Apache Tomcat/7.0.30
mag 14, 2014 5:15:21 PM org.apache.catalina.startup.HostConfig deployDirectory
Informazioni: Deploying web application directory /home/accounts/studenti/id224zzf/tomcat/webapps/corsostudi
mag 14, 2014 5:15:21 PM org.apache.catalina.startup.SetContextPropertiesRule begin
Avvertenza: [SetContextPropertiesRule]{Context} Setting property 'isInvokerEnabled' to 'true' did not find a matching property.
mag 14, 2014 5:15:22 PM org.apache.catalina.startup.HostConfig deployDirectory
Informazioni: Deploying web application directory /home/accounts/studenti/id224zzf/tomcat/webapps/hello
mag 14, 2014 5:15:22 PM org.apache.catalina.startup.SetContextPropertiesRule begin
Avvertenza: [SetContextPropertiesRule]{Context} Setting property 'isInvokerEnabled' to 'true' did not find a matching property.
mag 14, 2014 5:15:23 PM org.apache.catalina.startup.HostConfig deployDirectory
Informazioni: Deploying web application directory /home/accounts/studenti/id224zzf/tomcat/webapps/ROOT
mag 14, 2014 5:15:23 PM org.apache.catalina.startup.SetContextPropertiesRule begin
Avvertenza: [SetContextPropertiesRule]{Context} Setting property 'isInvokerEnabled' to 'true' did not find a matching property.
mag 14, 2014 5:15:23 PM org.apache.coyote.AbstractProtocol start
Informazioni: Starting ProtocolHandler ["http-bio-8080"]
mag 14, 2014 5:15:23 PM org.apache.coyote.AbstractProtocol start
Informazioni: Starting ProtocolHandler ["ajp-bio-8009"]
mag 14, 2014 5:15:23 PM org.apache.catalina.startup.Catalina start
Informazioni: Server startup in 2550 ms
