mag 15, 2014 12:30:02 PM org.apache.catalina.core.AprLifecycleListener init
Informazioni: The APR based Apache Tomcat Native library which allows optimal performance in production environments was not found on the java.library.path: /usr/java/packages/lib/amd64:/usr/lib64:/lib64:/lib:/usr/lib
mag 15, 2014 12:30:02 PM org.apache.tomcat.util.digester.SetPropertiesRule begin
Avvertenza: [SetPropertiesRule]{Server/Service/Engine/Host} Setting property 'xmlValidation' to 'false' did not find a matching property.
mag 15, 2014 12:30:02 PM org.apache.tomcat.util.digester.SetPropertiesRule begin
Avvertenza: [SetPropertiesRule]{Server/Service/Engine/Host} Setting property 'xmlNamespaceAware' to 'false' did not find a matching property.
mag 15, 2014 12:30:03 PM org.apache.coyote.AbstractProtocol init
Informazioni: Initializing ProtocolHandler ["http-bio-8080"]
mag 15, 2014 12:30:03 PM org.apache.coyote.AbstractProtocol init
Informazioni: Initializing ProtocolHandler ["ajp-bio-8009"]
mag 15, 2014 12:30:03 PM org.apache.catalina.startup.Catalina load
Informazioni: Initialization processed in 1667 ms
mag 15, 2014 12:30:03 PM org.apache.catalina.core.StandardService startInternal
Informazioni: Starting service Catalina
mag 15, 2014 12:30:03 PM org.apache.catalina.core.StandardEngine startInternal
Informazioni: Starting Servlet Engine: Apache Tomcat/7.0.30
mag 15, 2014 12:30:03 PM org.apache.catalina.startup.HostConfig deployDirectory
Informazioni: Deploying web application directory /home/accounts/studenti/id224zzf/tomcat/webapps/corsostudi
mag 15, 2014 12:30:03 PM org.apache.catalina.startup.SetContextPropertiesRule begin
Avvertenza: [SetContextPropertiesRule]{Context} Setting property 'isInvokerEnabled' to 'true' did not find a matching property.
mag 15, 2014 12:30:05 PM org.apache.catalina.startup.HostConfig deployDirectory
Informazioni: Deploying web application directory /home/accounts/studenti/id224zzf/tomcat/webapps/hello
mag 15, 2014 12:30:05 PM org.apache.catalina.startup.SetContextPropertiesRule begin
Avvertenza: [SetContextPropertiesRule]{Context} Setting property 'isInvokerEnabled' to 'true' did not find a matching property.
mag 15, 2014 12:30:05 PM org.apache.catalina.startup.HostConfig deployDirectory
Informazioni: Deploying web application directory /home/accounts/studenti/id224zzf/tomcat/webapps/ROOT
mag 15, 2014 12:30:05 PM org.apache.catalina.startup.SetContextPropertiesRule begin
Avvertenza: [SetContextPropertiesRule]{Context} Setting property 'isInvokerEnabled' to 'true' did not find a matching property.
mag 15, 2014 12:30:06 PM org.apache.coyote.AbstractProtocol start
Informazioni: Starting ProtocolHandler ["http-bio-8080"]
mag 15, 2014 12:30:06 PM org.apache.coyote.AbstractProtocol start
Informazioni: Starting ProtocolHandler ["ajp-bio-8009"]
mag 15, 2014 12:30:06 PM org.apache.catalina.startup.Catalina start
Informazioni: Server startup in 3133 ms
mag 15, 2014 12:59:08 PM org.apache.catalina.core.StandardContext reload
Informazioni: Reloading Context with name [/corsostudi] has started
mag 15, 2014 12:59:08 PM org.apache.catalina.loader.WebappClassLoader clearReferencesJdbc
Grave: The web application [/corsostudi] registered the JDBC driver [org.postgresql.Driver] but failed to unregister it when the web application was stopped. To prevent a memory leak, the JDBC Driver has been forcibly unregistered.
mag 15, 2014 12:59:08 PM org.apache.catalina.core.StandardContext reload
Informazioni: Reloading Context with name [/corsostudi] is completed
mag 15, 2014 1:05:59 PM org.apache.catalina.core.StandardContext reload
Informazioni: Reloading Context with name [/corsostudi] has started
mag 15, 2014 1:05:59 PM org.apache.catalina.loader.WebappClassLoader clearReferencesJdbc
Grave: The web application [/corsostudi] registered the JDBC driver [org.postgresql.Driver] but failed to unregister it when the web application was stopped. To prevent a memory leak, the JDBC Driver has been forcibly unregistered.
mag 15, 2014 1:05:59 PM org.apache.catalina.core.StandardContext reload
Informazioni: Reloading Context with name [/corsostudi] is completed
