apr 30, 2014 9:19:13 AM org.apache.catalina.core.AprLifecycleListener init
Informazioni: The APR based Apache Tomcat Native library which allows optimal performance in production environments was not found on the java.library.path: /usr/java/packages/lib/amd64:/usr/lib64:/lib64:/lib:/usr/lib
apr 30, 2014 9:19:14 AM org.apache.tomcat.util.digester.SetPropertiesRule begin
Avvertenza: [SetPropertiesRule]{Server/Service/Engine/Host} Setting property 'xmlValidation' to 'false' did not find a matching property.
apr 30, 2014 9:19:14 AM org.apache.tomcat.util.digester.SetPropertiesRule begin
Avvertenza: [SetPropertiesRule]{Server/Service/Engine/Host} Setting property 'xmlNamespaceAware' to 'false' did not find a matching property.
apr 30, 2014 9:19:14 AM org.apache.coyote.AbstractProtocol init
Informazioni: Initializing ProtocolHandler ["http-bio-8080"]
apr 30, 2014 9:19:14 AM org.apache.coyote.AbstractProtocol init
Informazioni: Initializing ProtocolHandler ["ajp-bio-8009"]
apr 30, 2014 9:19:14 AM org.apache.catalina.startup.Catalina load
Informazioni: Initialization processed in 1463 ms
apr 30, 2014 9:19:14 AM org.apache.catalina.core.StandardService startInternal
Informazioni: Starting service Catalina
apr 30, 2014 9:19:14 AM org.apache.catalina.core.StandardEngine startInternal
Informazioni: Starting Servlet Engine: Apache Tomcat/7.0.30
apr 30, 2014 9:19:14 AM org.apache.catalina.startup.HostConfig deployDirectory
Informazioni: Deploying web application directory /home/accounts/studenti/id637fga/tomcat/webapps/corsostudi
apr 30, 2014 9:19:14 AM org.apache.catalina.startup.SetContextPropertiesRule begin
Avvertenza: [SetContextPropertiesRule]{Context} Setting property 'isInvokerEnabled' to 'true' did not find a matching property.
apr 30, 2014 9:19:16 AM org.apache.catalina.startup.HostConfig deployDirectory
Informazioni: Deploying web application directory /home/accounts/studenti/id637fga/tomcat/webapps/hello
apr 30, 2014 9:19:16 AM org.apache.catalina.startup.SetContextPropertiesRule begin
Avvertenza: [SetContextPropertiesRule]{Context} Setting property 'isInvokerEnabled' to 'true' did not find a matching property.
apr 30, 2014 9:19:16 AM org.apache.catalina.startup.HostConfig deployDirectory
Informazioni: Deploying web application directory /home/accounts/studenti/id637fga/tomcat/webapps/ROOT
apr 30, 2014 9:19:16 AM org.apache.catalina.startup.SetContextPropertiesRule begin
Avvertenza: [SetContextPropertiesRule]{Context} Setting property 'isInvokerEnabled' to 'true' did not find a matching property.
apr 30, 2014 9:19:17 AM org.apache.coyote.AbstractProtocol start
Informazioni: Starting ProtocolHandler ["http-bio-8080"]
apr 30, 2014 9:19:17 AM org.apache.coyote.AbstractProtocol start
Informazioni: Starting ProtocolHandler ["ajp-bio-8009"]
apr 30, 2014 9:19:17 AM org.apache.catalina.startup.Catalina start
Informazioni: Server startup in 2780 ms
apr 30, 2014 11:23:42 AM org.apache.catalina.core.StandardContext reload
Informazioni: Reloading Context with name [/corsostudi] has started
apr 30, 2014 11:23:42 AM org.apache.catalina.loader.WebappClassLoader clearReferencesJdbc
Grave: The web application [/corsostudi] registered the JDBC driver [org.postgresql.Driver] but failed to unregister it when the web application was stopped. To prevent a memory leak, the JDBC Driver has been forcibly unregistered.
apr 30, 2014 11:23:43 AM org.apache.catalina.core.StandardContext reload
Informazioni: Reloading Context with name [/corsostudi] is completed
apr 30, 2014 11:26:23 AM org.apache.catalina.core.StandardContext reload
Informazioni: Reloading Context with name [/corsostudi] has started
apr 30, 2014 11:26:23 AM org.apache.catalina.loader.WebappClassLoader clearReferencesJdbc
Grave: The web application [/corsostudi] registered the JDBC driver [org.postgresql.Driver] but failed to unregister it when the web application was stopped. To prevent a memory leak, the JDBC Driver has been forcibly unregistered.
apr 30, 2014 11:26:23 AM org.apache.catalina.core.StandardContext reload
Informazioni: Reloading Context with name [/corsostudi] is completed
apr 30, 2014 11:34:54 AM org.apache.catalina.core.StandardContext reload
Informazioni: Reloading Context with name [/corsostudi] has started
apr 30, 2014 11:34:54 AM org.apache.catalina.loader.WebappClassLoader clearReferencesJdbc
Grave: The web application [/corsostudi] registered the JDBC driver [org.postgresql.Driver] but failed to unregister it when the web application was stopped. To prevent a memory leak, the JDBC Driver has been forcibly unregistered.
apr 30, 2014 11:34:55 AM org.apache.catalina.core.StandardContext reload
Informazioni: Reloading Context with name [/corsostudi] is completed
apr 30, 2014 11:38:25 AM org.apache.catalina.core.StandardContext reload
Informazioni: Reloading Context with name [/corsostudi] has started
apr 30, 2014 11:38:25 AM org.apache.catalina.loader.WebappClassLoader clearReferencesJdbc
Grave: The web application [/corsostudi] registered the JDBC driver [org.postgresql.Driver] but failed to unregister it when the web application was stopped. To prevent a memory leak, the JDBC Driver has been forcibly unregistered.
apr 30, 2014 11:38:25 AM org.apache.catalina.core.StandardContext reload
Informazioni: Reloading Context with name [/corsostudi] is completed
apr 30, 2014 11:39:11 AM org.apache.catalina.core.StandardServer await
Informazioni: A valid shutdown command was received via the shutdown port. Stopping the Server instance.
apr 30, 2014 11:39:11 AM org.apache.coyote.AbstractProtocol pause
Informazioni: Pausing ProtocolHandler ["http-bio-8080"]
apr 30, 2014 11:39:11 AM org.apache.coyote.AbstractProtocol pause
Informazioni: Pausing ProtocolHandler ["ajp-bio-8009"]
apr 30, 2014 11:39:15 AM org.apache.catalina.core.AprLifecycleListener init
Informazioni: The APR based Apache Tomcat Native library which allows optimal performance in production environments was not found on the java.library.path: /usr/java/packages/lib/amd64:/usr/lib64:/lib64:/lib:/usr/lib
apr 30, 2014 11:39:15 AM org.apache.tomcat.util.digester.SetPropertiesRule begin
Avvertenza: [SetPropertiesRule]{Server/Service/Engine/Host} Setting property 'xmlValidation' to 'false' did not find a matching property.
apr 30, 2014 11:39:15 AM org.apache.tomcat.util.digester.SetPropertiesRule begin
Avvertenza: [SetPropertiesRule]{Server/Service/Engine/Host} Setting property 'xmlNamespaceAware' to 'false' did not find a matching property.
apr 30, 2014 11:39:15 AM org.apache.coyote.AbstractProtocol init
Informazioni: Initializing ProtocolHandler ["http-bio-8080"]
apr 30, 2014 11:39:15 AM org.apache.coyote.AbstractProtocol init
Informazioni: Initializing ProtocolHandler ["ajp-bio-8009"]
apr 30, 2014 11:39:15 AM org.apache.catalina.startup.Catalina load
Informazioni: Initialization processed in 608 ms
apr 30, 2014 11:39:15 AM org.apache.catalina.core.StandardService startInternal
Informazioni: Starting service Catalina
apr 30, 2014 11:39:15 AM org.apache.catalina.core.StandardEngine startInternal
Informazioni: Starting Servlet Engine: Apache Tomcat/7.0.30
apr 30, 2014 11:39:15 AM org.apache.catalina.startup.HostConfig deployDirectory
Informazioni: Deploying web application directory /home/accounts/studenti/id637fga/tomcat/webapps/corsostudi
apr 30, 2014 11:39:15 AM org.apache.catalina.startup.SetContextPropertiesRule begin
Avvertenza: [SetContextPropertiesRule]{Context} Setting property 'isInvokerEnabled' to 'true' did not find a matching property.
apr 30, 2014 11:39:17 AM org.apache.catalina.startup.HostConfig deployDirectory
Informazioni: Deploying web application directory /home/accounts/studenti/id637fga/tomcat/webapps/hello
apr 30, 2014 11:39:17 AM org.apache.catalina.startup.SetContextPropertiesRule begin
Avvertenza: [SetContextPropertiesRule]{Context} Setting property 'isInvokerEnabled' to 'true' did not find a matching property.
apr 30, 2014 11:39:17 AM org.apache.catalina.startup.HostConfig deployDirectory
Informazioni: Deploying web application directory /home/accounts/studenti/id637fga/tomcat/webapps/ROOT
apr 30, 2014 11:39:17 AM org.apache.catalina.startup.SetContextPropertiesRule begin
Avvertenza: [SetContextPropertiesRule]{Context} Setting property 'isInvokerEnabled' to 'true' did not find a matching property.
apr 30, 2014 11:39:18 AM org.apache.coyote.AbstractProtocol start
Informazioni: Starting ProtocolHandler ["http-bio-8080"]
apr 30, 2014 11:39:18 AM org.apache.coyote.AbstractProtocol start
Informazioni: Starting ProtocolHandler ["ajp-bio-8009"]
apr 30, 2014 11:39:18 AM org.apache.catalina.startup.Catalina start
Informazioni: Server startup in 2734 ms
apr 30, 2014 11:40:48 AM org.apache.catalina.core.StandardContext reload
Informazioni: Reloading Context with name [/corsostudi] has started
apr 30, 2014 11:40:48 AM org.apache.catalina.loader.WebappClassLoader clearReferencesJdbc
Grave: The web application [/corsostudi] registered the JDBC driver [org.postgresql.Driver] but failed to unregister it when the web application was stopped. To prevent a memory leak, the JDBC Driver has been forcibly unregistered.
apr 30, 2014 11:40:48 AM org.apache.catalina.core.StandardContext reload
Informazioni: Reloading Context with name [/corsostudi] is completed
apr 30, 2014 11:42:38 AM org.apache.catalina.core.StandardContext reload
Informazioni: Reloading Context with name [/corsostudi] has started
apr 30, 2014 11:42:39 AM org.apache.catalina.loader.WebappClassLoader clearReferencesJdbc
Grave: The web application [/corsostudi] registered the JDBC driver [org.postgresql.Driver] but failed to unregister it when the web application was stopped. To prevent a memory leak, the JDBC Driver has been forcibly unregistered.
apr 30, 2014 11:42:39 AM org.apache.catalina.core.StandardContext reload
Informazioni: Reloading Context with name [/corsostudi] is completed
apr 30, 2014 11:48:29 AM org.apache.catalina.core.StandardContext reload
Informazioni: Reloading Context with name [/corsostudi] has started
apr 30, 2014 11:48:29 AM org.apache.catalina.loader.WebappClassLoader clearReferencesJdbc
Grave: The web application [/corsostudi] registered the JDBC driver [org.postgresql.Driver] but failed to unregister it when the web application was stopped. To prevent a memory leak, the JDBC Driver has been forcibly unregistered.
apr 30, 2014 11:48:29 AM org.apache.catalina.core.StandardContext reload
Informazioni: Reloading Context with name [/corsostudi] is completed
apr 30, 2014 11:49:29 AM org.apache.catalina.core.StandardContext reload
Informazioni: Reloading Context with name [/corsostudi] has started
apr 30, 2014 11:49:29 AM org.apache.catalina.loader.WebappClassLoader clearReferencesJdbc
Grave: The web application [/corsostudi] registered the JDBC driver [org.postgresql.Driver] but failed to unregister it when the web application was stopped. To prevent a memory leak, the JDBC Driver has been forcibly unregistered.
apr 30, 2014 11:49:30 AM org.apache.catalina.core.StandardContext reload
Informazioni: Reloading Context with name [/corsostudi] is completed
apr 30, 2014 11:50:36 AM org.apache.catalina.core.StandardServer await
Informazioni: A valid shutdown command was received via the shutdown port. Stopping the Server instance.
apr 30, 2014 11:50:36 AM org.apache.coyote.AbstractProtocol pause
Informazioni: Pausing ProtocolHandler ["http-bio-8080"]
apr 30, 2014 11:50:36 AM org.apache.coyote.AbstractProtocol pause
Informazioni: Pausing ProtocolHandler ["ajp-bio-8009"]
apr 30, 2014 11:50:40 AM org.apache.catalina.core.AprLifecycleListener init
Informazioni: The APR based Apache Tomcat Native library which allows optimal performance in production environments was not found on the java.library.path: /usr/java/packages/lib/amd64:/usr/lib64:/lib64:/lib:/usr/lib
apr 30, 2014 11:50:40 AM org.apache.tomcat.util.digester.SetPropertiesRule begin
Avvertenza: [SetPropertiesRule]{Server/Service/Engine/Host} Setting property 'xmlValidation' to 'false' did not find a matching property.
apr 30, 2014 11:50:40 AM org.apache.tomcat.util.digester.SetPropertiesRule begin
Avvertenza: [SetPropertiesRule]{Server/Service/Engine/Host} Setting property 'xmlNamespaceAware' to 'false' did not find a matching property.
apr 30, 2014 11:50:40 AM org.apache.coyote.AbstractProtocol init
Informazioni: Initializing ProtocolHandler ["http-bio-8080"]
apr 30, 2014 11:50:40 AM org.apache.coyote.AbstractProtocol init
Informazioni: Initializing ProtocolHandler ["ajp-bio-8009"]
apr 30, 2014 11:50:40 AM org.apache.catalina.startup.Catalina load
Informazioni: Initialization processed in 724 ms
apr 30, 2014 11:50:40 AM org.apache.catalina.core.StandardService startInternal
Informazioni: Starting service Catalina
apr 30, 2014 11:50:40 AM org.apache.catalina.core.StandardEngine startInternal
Informazioni: Starting Servlet Engine: Apache Tomcat/7.0.30
apr 30, 2014 11:50:40 AM org.apache.catalina.startup.HostConfig deployDirectory
Informazioni: Deploying web application directory /home/accounts/studenti/id637fga/tomcat/webapps/corsostudi
apr 30, 2014 11:50:40 AM org.apache.catalina.startup.SetContextPropertiesRule begin
Avvertenza: [SetContextPropertiesRule]{Context} Setting property 'isInvokerEnabled' to 'true' did not find a matching property.
apr 30, 2014 11:50:42 AM org.apache.catalina.startup.HostConfig deployDirectory
Informazioni: Deploying web application directory /home/accounts/studenti/id637fga/tomcat/webapps/hello
apr 30, 2014 11:50:42 AM org.apache.catalina.startup.SetContextPropertiesRule begin
Avvertenza: [SetContextPropertiesRule]{Context} Setting property 'isInvokerEnabled' to 'true' did not find a matching property.
apr 30, 2014 11:50:42 AM org.apache.catalina.startup.HostConfig deployDirectory
Informazioni: Deploying web application directory /home/accounts/studenti/id637fga/tomcat/webapps/ROOT
apr 30, 2014 11:50:42 AM org.apache.catalina.startup.SetContextPropertiesRule begin
Avvertenza: [SetContextPropertiesRule]{Context} Setting property 'isInvokerEnabled' to 'true' did not find a matching property.
apr 30, 2014 11:50:43 AM org.apache.coyote.AbstractProtocol start
Informazioni: Starting ProtocolHandler ["http-bio-8080"]
apr 30, 2014 11:50:43 AM org.apache.coyote.AbstractProtocol start
Informazioni: Starting ProtocolHandler ["ajp-bio-8009"]
apr 30, 2014 11:50:43 AM org.apache.catalina.startup.Catalina start
Informazioni: Server startup in 2716 ms
apr 30, 2014 11:53:23 AM org.apache.catalina.core.StandardContext reload
Informazioni: Reloading Context with name [/corsostudi] has started
apr 30, 2014 11:53:23 AM org.apache.catalina.loader.WebappClassLoader clearReferencesJdbc
Grave: The web application [/corsostudi] registered the JDBC driver [org.postgresql.Driver] but failed to unregister it when the web application was stopped. To prevent a memory leak, the JDBC Driver has been forcibly unregistered.
apr 30, 2014 11:53:23 AM org.apache.catalina.core.StandardContext reload
Informazioni: Reloading Context with name [/corsostudi] is completed
apr 30, 2014 11:53:41 AM org.apache.catalina.core.StandardServer await
Informazioni: A valid shutdown command was received via the shutdown port. Stopping the Server instance.
apr 30, 2014 11:53:41 AM org.apache.coyote.AbstractProtocol pause
Informazioni: Pausing ProtocolHandler ["http-bio-8080"]
apr 30, 2014 11:53:44 AM org.apache.catalina.core.AprLifecycleListener init
Informazioni: The APR based Apache Tomcat Native library which allows optimal performance in production environments was not found on the java.library.path: /usr/java/packages/lib/amd64:/usr/lib64:/lib64:/lib:/usr/lib
apr 30, 2014 11:53:44 AM org.apache.tomcat.util.digester.SetPropertiesRule begin
Avvertenza: [SetPropertiesRule]{Server/Service/Engine/Host} Setting property 'xmlValidation' to 'false' did not find a matching property.
apr 30, 2014 11:53:44 AM org.apache.tomcat.util.digester.SetPropertiesRule begin
Avvertenza: [SetPropertiesRule]{Server/Service/Engine/Host} Setting property 'xmlNamespaceAware' to 'false' did not find a matching property.
apr 30, 2014 11:53:44 AM org.apache.coyote.AbstractProtocol init
Informazioni: Initializing ProtocolHandler ["http-bio-8080"]
apr 30, 2014 11:53:44 AM org.apache.coyote.AbstractProtocol init
Informazioni: Initializing ProtocolHandler ["ajp-bio-8009"]
apr 30, 2014 11:53:44 AM org.apache.catalina.startup.Catalina load
Informazioni: Initialization processed in 658 ms
apr 30, 2014 11:53:44 AM org.apache.catalina.core.StandardService startInternal
Informazioni: Starting service Catalina
apr 30, 2014 11:53:44 AM org.apache.catalina.core.StandardEngine startInternal
Informazioni: Starting Servlet Engine: Apache Tomcat/7.0.30
apr 30, 2014 11:53:44 AM org.apache.catalina.startup.HostConfig deployDirectory
Informazioni: Deploying web application directory /home/accounts/studenti/id637fga/tomcat/webapps/corsostudi
apr 30, 2014 11:53:44 AM org.apache.catalina.startup.SetContextPropertiesRule begin
Avvertenza: [SetContextPropertiesRule]{Context} Setting property 'isInvokerEnabled' to 'true' did not find a matching property.
apr 30, 2014 11:53:46 AM org.apache.catalina.startup.HostConfig deployDirectory
Informazioni: Deploying web application directory /home/accounts/studenti/id637fga/tomcat/webapps/hello
apr 30, 2014 11:53:46 AM org.apache.catalina.startup.SetContextPropertiesRule begin
Avvertenza: [SetContextPropertiesRule]{Context} Setting property 'isInvokerEnabled' to 'true' did not find a matching property.
apr 30, 2014 11:53:46 AM org.apache.catalina.startup.HostConfig deployDirectory
Informazioni: Deploying web application directory /home/accounts/studenti/id637fga/tomcat/webapps/ROOT
apr 30, 2014 11:53:46 AM org.apache.catalina.startup.SetContextPropertiesRule begin
Avvertenza: [SetContextPropertiesRule]{Context} Setting property 'isInvokerEnabled' to 'true' did not find a matching property.
apr 30, 2014 11:53:47 AM org.apache.coyote.AbstractProtocol start
Informazioni: Starting ProtocolHandler ["http-bio-8080"]
apr 30, 2014 11:53:47 AM org.apache.coyote.AbstractProtocol start
Informazioni: Starting ProtocolHandler ["ajp-bio-8009"]
apr 30, 2014 11:53:47 AM org.apache.catalina.startup.Catalina start
Informazioni: Server startup in 2818 ms
apr 30, 2014 11:54:57 AM org.apache.catalina.core.StandardContext reload
Informazioni: Reloading Context with name [/corsostudi] has started
apr 30, 2014 11:54:57 AM org.apache.catalina.loader.WebappClassLoader clearReferencesJdbc
Grave: The web application [/corsostudi] registered the JDBC driver [org.postgresql.Driver] but failed to unregister it when the web application was stopped. To prevent a memory leak, the JDBC Driver has been forcibly unregistered.
apr 30, 2014 11:54:57 AM org.apache.catalina.core.StandardContext reload
Informazioni: Reloading Context with name [/corsostudi] is completed
apr 30, 2014 11:55:57 AM org.apache.catalina.core.StandardContext reload
Informazioni: Reloading Context with name [/corsostudi] has started
apr 30, 2014 11:55:57 AM org.apache.catalina.loader.WebappClassLoader clearReferencesJdbc
Grave: The web application [/corsostudi] registered the JDBC driver [org.postgresql.Driver] but failed to unregister it when the web application was stopped. To prevent a memory leak, the JDBC Driver has been forcibly unregistered.
apr 30, 2014 11:55:58 AM org.apache.catalina.core.StandardContext reload
Informazioni: Reloading Context with name [/corsostudi] is completed
apr 30, 2014 11:57:28 AM org.apache.catalina.core.StandardContext reload
Informazioni: Reloading Context with name [/corsostudi] has started
apr 30, 2014 11:57:28 AM org.apache.catalina.core.StandardContext reload
Informazioni: Reloading Context with name [/corsostudi] is completed
apr 30, 2014 11:58:28 AM org.apache.catalina.core.StandardContext reload
Informazioni: Reloading Context with name [/corsostudi] has started
apr 30, 2014 11:58:28 AM org.apache.catalina.loader.WebappClassLoader clearReferencesJdbc
Grave: The web application [/corsostudi] registered the JDBC driver [org.postgresql.Driver] but failed to unregister it when the web application was stopped. To prevent a memory leak, the JDBC Driver has been forcibly unregistered.
apr 30, 2014 11:58:28 AM org.apache.catalina.core.StandardContext reload
Informazioni: Reloading Context with name [/corsostudi] is completed
apr 30, 2014 12:00:49 PM org.apache.catalina.core.StandardContext reload
Informazioni: Reloading Context with name [/corsostudi] has started
apr 30, 2014 12:00:49 PM org.apache.catalina.loader.WebappClassLoader clearReferencesJdbc
Grave: The web application [/corsostudi] registered the JDBC driver [org.postgresql.Driver] but failed to unregister it when the web application was stopped. To prevent a memory leak, the JDBC Driver has been forcibly unregistered.
apr 30, 2014 12:00:49 PM org.apache.catalina.core.StandardContext reload
Informazioni: Reloading Context with name [/corsostudi] is completed
apr 30, 2014 12:02:59 PM org.apache.catalina.core.StandardContext reload
Informazioni: Reloading Context with name [/corsostudi] has started
apr 30, 2014 12:02:59 PM org.apache.catalina.loader.WebappClassLoader clearReferencesJdbc
Grave: The web application [/corsostudi] registered the JDBC driver [org.postgresql.Driver] but failed to unregister it when the web application was stopped. To prevent a memory leak, the JDBC Driver has been forcibly unregistered.
apr 30, 2014 12:02:59 PM org.apache.catalina.core.StandardContext reload
Informazioni: Reloading Context with name [/corsostudi] is completed
apr 30, 2014 12:03:19 PM org.apache.catalina.core.StandardContext reload
Informazioni: Reloading Context with name [/corsostudi] has started
apr 30, 2014 12:03:19 PM org.apache.catalina.loader.WebappClassLoader clearReferencesJdbc
Grave: The web application [/corsostudi] registered the JDBC driver [org.postgresql.Driver] but failed to unregister it when the web application was stopped. To prevent a memory leak, the JDBC Driver has been forcibly unregistered.
apr 30, 2014 12:03:20 PM org.apache.catalina.core.StandardContext reload
Informazioni: Reloading Context with name [/corsostudi] is completed
apr 30, 2014 12:05:40 PM org.apache.catalina.core.StandardContext reload
Informazioni: Reloading Context with name [/corsostudi] has started
apr 30, 2014 12:05:40 PM org.apache.catalina.loader.WebappClassLoader clearReferencesJdbc
Grave: The web application [/corsostudi] registered the JDBC driver [org.postgresql.Driver] but failed to unregister it when the web application was stopped. To prevent a memory leak, the JDBC Driver has been forcibly unregistered.
apr 30, 2014 12:05:40 PM org.apache.catalina.core.StandardContext reload
Informazioni: Reloading Context with name [/corsostudi] is completed
apr 30, 2014 12:26:31 PM org.apache.catalina.core.StandardContext reload
Informazioni: Reloading Context with name [/corsostudi] has started
apr 30, 2014 12:26:31 PM org.apache.catalina.loader.WebappClassLoader clearReferencesJdbc
Grave: The web application [/corsostudi] registered the JDBC driver [org.postgresql.Driver] but failed to unregister it when the web application was stopped. To prevent a memory leak, the JDBC Driver has been forcibly unregistered.
apr 30, 2014 12:26:31 PM org.apache.catalina.core.StandardContext reload
Informazioni: Reloading Context with name [/corsostudi] is completed
apr 30, 2014 12:29:11 PM org.apache.catalina.core.StandardContext reload
Informazioni: Reloading Context with name [/corsostudi] has started
apr 30, 2014 12:29:11 PM org.apache.catalina.loader.WebappClassLoader clearReferencesJdbc
Grave: The web application [/corsostudi] registered the JDBC driver [org.postgresql.Driver] but failed to unregister it when the web application was stopped. To prevent a memory leak, the JDBC Driver has been forcibly unregistered.
apr 30, 2014 12:29:12 PM org.apache.catalina.core.StandardContext reload
Informazioni: Reloading Context with name [/corsostudi] is completed
apr 30, 2014 12:32:52 PM org.apache.catalina.core.StandardContext reload
Informazioni: Reloading Context with name [/corsostudi] has started
apr 30, 2014 12:32:52 PM org.apache.catalina.loader.WebappClassLoader clearReferencesJdbc
Grave: The web application [/corsostudi] registered the JDBC driver [org.postgresql.Driver] but failed to unregister it when the web application was stopped. To prevent a memory leak, the JDBC Driver has been forcibly unregistered.
apr 30, 2014 12:32:52 PM org.apache.catalina.core.StandardContext reload
Informazioni: Reloading Context with name [/corsostudi] is completed
apr 30, 2014 12:37:22 PM org.apache.catalina.core.StandardContext reload
Informazioni: Reloading Context with name [/corsostudi] has started
apr 30, 2014 12:37:22 PM org.apache.catalina.loader.WebappClassLoader clearReferencesJdbc
Grave: The web application [/corsostudi] registered the JDBC driver [org.postgresql.Driver] but failed to unregister it when the web application was stopped. To prevent a memory leak, the JDBC Driver has been forcibly unregistered.
apr 30, 2014 12:37:23 PM org.apache.catalina.core.StandardContext reload
Informazioni: Reloading Context with name [/corsostudi] is completed
apr 30, 2014 12:38:03 PM org.apache.catalina.core.StandardContext reload
Informazioni: Reloading Context with name [/corsostudi] has started
apr 30, 2014 12:38:03 PM org.apache.catalina.loader.WebappClassLoader clearReferencesJdbc
Grave: The web application [/corsostudi] registered the JDBC driver [org.postgresql.Driver] but failed to unregister it when the web application was stopped. To prevent a memory leak, the JDBC Driver has been forcibly unregistered.
apr 30, 2014 12:38:03 PM org.apache.catalina.core.StandardContext reload
Informazioni: Reloading Context with name [/corsostudi] is completed
