apr 24, 2014 12:01:32 PM org.apache.catalina.core.AprLifecycleListener init
Informazioni: The APR based Apache Tomcat Native library which allows optimal performance in production environments was not found on the java.library.path: /usr/java/packages/lib/amd64:/usr/lib64:/lib64:/lib:/usr/lib
apr 24, 2014 12:01:32 PM org.apache.tomcat.util.digester.SetPropertiesRule begin
Avvertenza: [SetPropertiesRule]{Server/Service/Engine/Host} Setting property 'xmlValidation' to 'false' did not find a matching property.
apr 24, 2014 12:01:32 PM org.apache.tomcat.util.digester.SetPropertiesRule begin
Avvertenza: [SetPropertiesRule]{Server/Service/Engine/Host} Setting property 'xmlNamespaceAware' to 'false' did not find a matching property.
apr 24, 2014 12:01:32 PM org.apache.coyote.AbstractProtocol init
Informazioni: Initializing ProtocolHandler ["http-bio-8080"]
apr 24, 2014 12:01:32 PM org.apache.coyote.AbstractProtocol init
Informazioni: Initializing ProtocolHandler ["ajp-bio-8009"]
apr 24, 2014 12:01:32 PM org.apache.catalina.startup.Catalina load
Informazioni: Initialization processed in 831 ms
apr 24, 2014 12:01:32 PM org.apache.catalina.core.StandardService startInternal
Informazioni: Starting service Catalina
apr 24, 2014 12:01:32 PM org.apache.catalina.core.StandardEngine startInternal
Informazioni: Starting Servlet Engine: Apache Tomcat/7.0.30
apr 24, 2014 12:01:32 PM org.apache.catalina.startup.HostConfig deployDirectory
Informazioni: Deploying web application directory /home/accounts/studenti/id637fga/tomcat/webapps/corsostudi
apr 24, 2014 12:01:32 PM org.apache.catalina.startup.SetContextPropertiesRule begin
Avvertenza: [SetContextPropertiesRule]{Context} Setting property 'isInvokerEnabled' to 'true' did not find a matching property.
apr 24, 2014 12:01:34 PM org.apache.catalina.startup.HostConfig deployDirectory
Informazioni: Deploying web application directory /home/accounts/studenti/id637fga/tomcat/webapps/hello
apr 24, 2014 12:01:34 PM org.apache.catalina.startup.SetContextPropertiesRule begin
Avvertenza: [SetContextPropertiesRule]{Context} Setting property 'isInvokerEnabled' to 'true' did not find a matching property.
apr 24, 2014 12:01:34 PM org.apache.catalina.startup.HostConfig deployDirectory
Informazioni: Deploying web application directory /home/accounts/studenti/id637fga/tomcat/webapps/ROOT
apr 24, 2014 12:01:35 PM org.apache.catalina.startup.SetContextPropertiesRule begin
Avvertenza: [SetContextPropertiesRule]{Context} Setting property 'isInvokerEnabled' to 'true' did not find a matching property.
apr 24, 2014 12:01:35 PM org.apache.coyote.AbstractProtocol start
Informazioni: Starting ProtocolHandler ["http-bio-8080"]
apr 24, 2014 12:01:35 PM org.apache.coyote.AbstractProtocol start
Informazioni: Starting ProtocolHandler ["ajp-bio-8009"]
apr 24, 2014 12:01:35 PM org.apache.catalina.startup.Catalina start
Informazioni: Server startup in 2835 ms
apr 24, 2014 12:02:15 PM org.apache.catalina.core.StandardContext reload
Informazioni: Reloading Context with name [/corsostudi] has started
apr 24, 2014 12:02:15 PM org.apache.catalina.loader.WebappClassLoader clearReferencesJdbc
Grave: The web application [/corsostudi] registered the JDBC driver [org.postgresql.Driver] but failed to unregister it when the web application was stopped. To prevent a memory leak, the JDBC Driver has been forcibly unregistered.
apr 24, 2014 12:02:16 PM org.apache.catalina.core.StandardContext reload
Informazioni: Reloading Context with name [/corsostudi] is completed
apr 24, 2014 12:02:56 PM org.apache.catalina.core.StandardContext reload
Informazioni: Reloading Context with name [/corsostudi] has started
apr 24, 2014 12:02:56 PM org.apache.catalina.loader.WebappClassLoader clearReferencesJdbc
Grave: The web application [/corsostudi] registered the JDBC driver [org.postgresql.Driver] but failed to unregister it when the web application was stopped. To prevent a memory leak, the JDBC Driver has been forcibly unregistered.
apr 24, 2014 12:02:56 PM org.apache.catalina.core.StandardContext reload
Informazioni: Reloading Context with name [/corsostudi] is completed
apr 24, 2014 12:06:16 PM org.apache.catalina.core.StandardContext reload
Informazioni: Reloading Context with name [/corsostudi] has started
apr 24, 2014 12:06:17 PM org.apache.catalina.core.StandardContext reload
Informazioni: Reloading Context with name [/corsostudi] is completed
apr 24, 2014 12:07:37 PM org.apache.catalina.core.StandardContext reload
Informazioni: Reloading Context with name [/corsostudi] has started
apr 24, 2014 12:07:37 PM org.apache.catalina.loader.WebappClassLoader clearReferencesJdbc
Grave: The web application [/corsostudi] registered the JDBC driver [org.postgresql.Driver] but failed to unregister it when the web application was stopped. To prevent a memory leak, the JDBC Driver has been forcibly unregistered.
apr 24, 2014 12:07:37 PM org.apache.catalina.core.StandardContext reload
Informazioni: Reloading Context with name [/corsostudi] is completed
apr 24, 2014 12:07:47 PM org.apache.catalina.core.StandardContext reload
Informazioni: Reloading Context with name [/corsostudi] has started
apr 24, 2014 12:07:47 PM org.apache.catalina.loader.WebappClassLoader clearReferencesJdbc
Grave: The web application [/corsostudi] registered the JDBC driver [org.postgresql.Driver] but failed to unregister it when the web application was stopped. To prevent a memory leak, the JDBC Driver has been forcibly unregistered.
apr 24, 2014 12:07:47 PM org.apache.catalina.core.StandardContext reload
Informazioni: Reloading Context with name [/corsostudi] is completed
apr 24, 2014 12:08:37 PM org.apache.catalina.core.StandardContext reload
Informazioni: Reloading Context with name [/corsostudi] has started
apr 24, 2014 12:08:37 PM org.apache.catalina.loader.WebappClassLoader clearReferencesJdbc
Grave: The web application [/corsostudi] registered the JDBC driver [org.postgresql.Driver] but failed to unregister it when the web application was stopped. To prevent a memory leak, the JDBC Driver has been forcibly unregistered.
apr 24, 2014 12:08:38 PM org.apache.catalina.core.StandardContext reload
Informazioni: Reloading Context with name [/corsostudi] is completed
apr 24, 2014 12:11:28 PM org.apache.catalina.core.StandardContext reload
Informazioni: Reloading Context with name [/corsostudi] has started
apr 24, 2014 12:11:28 PM org.apache.catalina.loader.WebappClassLoader clearReferencesJdbc
Grave: The web application [/corsostudi] registered the JDBC driver [org.postgresql.Driver] but failed to unregister it when the web application was stopped. To prevent a memory leak, the JDBC Driver has been forcibly unregistered.
apr 24, 2014 12:11:28 PM org.apache.catalina.core.StandardContext reload
Informazioni: Reloading Context with name [/corsostudi] is completed
apr 24, 2014 12:12:08 PM org.apache.catalina.core.StandardContext reload
Informazioni: Reloading Context with name [/corsostudi] has started
apr 24, 2014 12:12:08 PM org.apache.catalina.loader.WebappClassLoader clearReferencesJdbc
Grave: The web application [/corsostudi] registered the JDBC driver [org.postgresql.Driver] but failed to unregister it when the web application was stopped. To prevent a memory leak, the JDBC Driver has been forcibly unregistered.
apr 24, 2014 12:12:08 PM org.apache.catalina.core.StandardContext reload
Informazioni: Reloading Context with name [/corsostudi] is completed
apr 24, 2014 12:12:39 PM org.apache.catalina.core.StandardContext reload
Informazioni: Reloading Context with name [/corsostudi] has started
apr 24, 2014 12:12:39 PM org.apache.catalina.loader.WebappClassLoader clearReferencesJdbc
Grave: The web application [/corsostudi] registered the JDBC driver [org.postgresql.Driver] but failed to unregister it when the web application was stopped. To prevent a memory leak, the JDBC Driver has been forcibly unregistered.
apr 24, 2014 12:12:39 PM org.apache.catalina.core.StandardContext reload
Informazioni: Reloading Context with name [/corsostudi] is completed
apr 24, 2014 12:16:19 PM org.apache.catalina.core.StandardContext reload
Informazioni: Reloading Context with name [/corsostudi] has started
apr 24, 2014 12:16:19 PM org.apache.catalina.loader.WebappClassLoader clearReferencesJdbc
Grave: The web application [/corsostudi] registered the JDBC driver [org.postgresql.Driver] but failed to unregister it when the web application was stopped. To prevent a memory leak, the JDBC Driver has been forcibly unregistered.
apr 24, 2014 12:16:19 PM org.apache.catalina.core.StandardContext reload
Informazioni: Reloading Context with name [/corsostudi] is completed
apr 24, 2014 12:16:39 PM org.apache.catalina.core.StandardContext reload
Informazioni: Reloading Context with name [/corsostudi] has started
apr 24, 2014 12:16:39 PM org.apache.catalina.loader.WebappClassLoader clearReferencesJdbc
Grave: The web application [/corsostudi] registered the JDBC driver [org.postgresql.Driver] but failed to unregister it when the web application was stopped. To prevent a memory leak, the JDBC Driver has been forcibly unregistered.
apr 24, 2014 12:16:40 PM org.apache.catalina.core.StandardContext reload
Informazioni: Reloading Context with name [/corsostudi] is completed
apr 24, 2014 12:20:20 PM org.apache.catalina.core.StandardContext reload
Informazioni: Reloading Context with name [/corsostudi] has started
apr 24, 2014 12:20:20 PM org.apache.catalina.loader.WebappClassLoader clearReferencesJdbc
Grave: The web application [/corsostudi] registered the JDBC driver [org.postgresql.Driver] but failed to unregister it when the web application was stopped. To prevent a memory leak, the JDBC Driver has been forcibly unregistered.
apr 24, 2014 12:20:20 PM org.apache.catalina.core.StandardContext reload
Informazioni: Reloading Context with name [/corsostudi] is completed
apr 24, 2014 12:27:20 PM org.apache.catalina.core.StandardContext reload
Informazioni: Reloading Context with name [/corsostudi] has started
apr 24, 2014 12:27:20 PM org.apache.catalina.loader.WebappClassLoader clearReferencesJdbc
Grave: The web application [/corsostudi] registered the JDBC driver [org.postgresql.Driver] but failed to unregister it when the web application was stopped. To prevent a memory leak, the JDBC Driver has been forcibly unregistered.
apr 24, 2014 12:27:21 PM org.apache.catalina.core.StandardContext reload
Informazioni: Reloading Context with name [/corsostudi] is completed
apr 24, 2014 12:27:51 PM org.apache.catalina.core.StandardContext reload
Informazioni: Reloading Context with name [/corsostudi] has started
apr 24, 2014 12:27:51 PM org.apache.catalina.loader.WebappClassLoader clearReferencesJdbc
Grave: The web application [/corsostudi] registered the JDBC driver [org.postgresql.Driver] but failed to unregister it when the web application was stopped. To prevent a memory leak, the JDBC Driver has been forcibly unregistered.
apr 24, 2014 12:27:51 PM org.apache.catalina.core.StandardContext reload
Informazioni: Reloading Context with name [/corsostudi] is completed
apr 24, 2014 12:28:21 PM org.apache.catalina.core.StandardContext reload
Informazioni: Reloading Context with name [/corsostudi] has started
apr 24, 2014 12:28:21 PM org.apache.catalina.loader.WebappClassLoader clearReferencesJdbc
Grave: The web application [/corsostudi] registered the JDBC driver [org.postgresql.Driver] but failed to unregister it when the web application was stopped. To prevent a memory leak, the JDBC Driver has been forcibly unregistered.
apr 24, 2014 12:28:21 PM org.apache.catalina.core.StandardContext reload
Informazioni: Reloading Context with name [/corsostudi] is completed
apr 24, 2014 12:29:31 PM org.apache.catalina.core.StandardContext reload
Informazioni: Reloading Context with name [/corsostudi] has started
apr 24, 2014 12:29:31 PM org.apache.catalina.loader.WebappClassLoader clearReferencesJdbc
Grave: The web application [/corsostudi] registered the JDBC driver [org.postgresql.Driver] but failed to unregister it when the web application was stopped. To prevent a memory leak, the JDBC Driver has been forcibly unregistered.
apr 24, 2014 12:29:32 PM org.apache.catalina.core.StandardContext reload
Informazioni: Reloading Context with name [/corsostudi] is completed
apr 24, 2014 12:34:32 PM org.apache.catalina.core.StandardContext reload
Informazioni: Reloading Context with name [/corsostudi] has started
apr 24, 2014 12:34:32 PM org.apache.catalina.loader.WebappClassLoader clearReferencesJdbc
Grave: The web application [/corsostudi] registered the JDBC driver [org.postgresql.Driver] but failed to unregister it when the web application was stopped. To prevent a memory leak, the JDBC Driver has been forcibly unregistered.
apr 24, 2014 12:34:32 PM org.apache.catalina.core.StandardContext reload
Informazioni: Reloading Context with name [/corsostudi] is completed
apr 24, 2014 12:35:02 PM org.apache.catalina.core.StandardContext reload
Informazioni: Reloading Context with name [/corsostudi] has started
apr 24, 2014 12:35:02 PM org.apache.catalina.loader.WebappClassLoader clearReferencesJdbc
Grave: The web application [/corsostudi] registered the JDBC driver [org.postgresql.Driver] but failed to unregister it when the web application was stopped. To prevent a memory leak, the JDBC Driver has been forcibly unregistered.
apr 24, 2014 12:35:02 PM org.apache.catalina.core.StandardContext reload
Informazioni: Reloading Context with name [/corsostudi] is completed
apr 24, 2014 12:40:33 PM org.apache.catalina.core.StandardContext reload
Informazioni: Reloading Context with name [/corsostudi] has started
apr 24, 2014 12:40:33 PM org.apache.catalina.loader.WebappClassLoader clearReferencesJdbc
Grave: The web application [/corsostudi] registered the JDBC driver [org.postgresql.Driver] but failed to unregister it when the web application was stopped. To prevent a memory leak, the JDBC Driver has been forcibly unregistered.
apr 24, 2014 12:40:33 PM org.apache.catalina.core.StandardContext reload
Informazioni: Reloading Context with name [/corsostudi] is completed
apr 24, 2014 12:40:47 PM org.apache.catalina.core.StandardServer await
Informazioni: A valid shutdown command was received via the shutdown port. Stopping the Server instance.
apr 24, 2014 12:40:47 PM org.apache.coyote.AbstractProtocol pause
Informazioni: Pausing ProtocolHandler ["http-bio-8080"]
apr 24, 2014 12:40:47 PM org.apache.coyote.AbstractProtocol pause
Informazioni: Pausing ProtocolHandler ["ajp-bio-8009"]
apr 24, 2014 12:40:47 PM org.apache.catalina.core.StandardService stopInternal
Informazioni: Stopping service Catalina
apr 24, 2014 12:40:47 PM org.apache.catalina.loader.WebappClassLoader clearReferencesJdbc
Grave: The web application [/corsostudi] registered the JDBC driver [org.postgresql.Driver] but failed to unregister it when the web application was stopped. To prevent a memory leak, the JDBC Driver has been forcibly unregistered.
apr 24, 2014 12:40:47 PM org.apache.coyote.AbstractProtocol stop
Informazioni: Stopping ProtocolHandler ["http-bio-8080"]
apr 24, 2014 12:40:51 PM org.apache.catalina.core.AprLifecycleListener init
Informazioni: The APR based Apache Tomcat Native library which allows optimal performance in production environments was not found on the java.library.path: /usr/java/packages/lib/amd64:/usr/lib64:/lib64:/lib:/usr/lib
apr 24, 2014 12:40:51 PM org.apache.tomcat.util.digester.SetPropertiesRule begin
Avvertenza: [SetPropertiesRule]{Server/Service/Engine/Host} Setting property 'xmlValidation' to 'false' did not find a matching property.
apr 24, 2014 12:40:51 PM org.apache.tomcat.util.digester.SetPropertiesRule begin
Avvertenza: [SetPropertiesRule]{Server/Service/Engine/Host} Setting property 'xmlNamespaceAware' to 'false' did not find a matching property.
apr 24, 2014 12:40:51 PM org.apache.coyote.AbstractProtocol init
Informazioni: Initializing ProtocolHandler ["http-bio-8080"]
apr 24, 2014 12:40:51 PM org.apache.coyote.AbstractProtocol init
Informazioni: Initializing ProtocolHandler ["ajp-bio-8009"]
apr 24, 2014 12:40:51 PM org.apache.catalina.startup.Catalina load
Informazioni: Initialization processed in 655 ms
apr 24, 2014 12:40:52 PM org.apache.catalina.core.StandardService startInternal
Informazioni: Starting service Catalina
apr 24, 2014 12:40:52 PM org.apache.catalina.core.StandardEngine startInternal
Informazioni: Starting Servlet Engine: Apache Tomcat/7.0.30
apr 24, 2014 12:40:52 PM org.apache.catalina.startup.HostConfig deployDirectory
Informazioni: Deploying web application directory /home/accounts/studenti/id637fga/tomcat/webapps/corsostudi
apr 24, 2014 12:40:52 PM org.apache.catalina.startup.SetContextPropertiesRule begin
Avvertenza: [SetContextPropertiesRule]{Context} Setting property 'isInvokerEnabled' to 'true' did not find a matching property.
apr 24, 2014 12:40:53 PM org.apache.catalina.startup.HostConfig deployDirectory
Informazioni: Deploying web application directory /home/accounts/studenti/id637fga/tomcat/webapps/hello
apr 24, 2014 12:40:53 PM org.apache.catalina.startup.SetContextPropertiesRule begin
Avvertenza: [SetContextPropertiesRule]{Context} Setting property 'isInvokerEnabled' to 'true' did not find a matching property.
apr 24, 2014 12:40:54 PM org.apache.catalina.startup.HostConfig deployDirectory
Informazioni: Deploying web application directory /home/accounts/studenti/id637fga/tomcat/webapps/ROOT
apr 24, 2014 12:40:54 PM org.apache.catalina.startup.SetContextPropertiesRule begin
Avvertenza: [SetContextPropertiesRule]{Context} Setting property 'isInvokerEnabled' to 'true' did not find a matching property.
apr 24, 2014 12:40:54 PM org.apache.coyote.AbstractProtocol start
Informazioni: Starting ProtocolHandler ["http-bio-8080"]
apr 24, 2014 12:40:54 PM org.apache.coyote.AbstractProtocol start
Informazioni: Starting ProtocolHandler ["ajp-bio-8009"]
apr 24, 2014 12:40:54 PM org.apache.catalina.startup.Catalina start
Informazioni: Server startup in 2872 ms
apr 24, 2014 12:42:04 PM org.apache.catalina.core.StandardContext reload
Informazioni: Reloading Context with name [/corsostudi] has started
apr 24, 2014 12:42:04 PM org.apache.catalina.loader.WebappClassLoader clearReferencesJdbc
Grave: The web application [/corsostudi] registered the JDBC driver [org.postgresql.Driver] but failed to unregister it when the web application was stopped. To prevent a memory leak, the JDBC Driver has been forcibly unregistered.
apr 24, 2014 12:42:05 PM org.apache.catalina.core.StandardContext reload
Informazioni: Reloading Context with name [/corsostudi] is completed
apr 24, 2014 12:45:45 PM org.apache.catalina.core.StandardContext reload
Informazioni: Reloading Context with name [/corsostudi] has started
apr 24, 2014 12:45:45 PM org.apache.catalina.loader.WebappClassLoader clearReferencesJdbc
Grave: The web application [/corsostudi] registered the JDBC driver [org.postgresql.Driver] but failed to unregister it when the web application was stopped. To prevent a memory leak, the JDBC Driver has been forcibly unregistered.
apr 24, 2014 12:45:45 PM org.apache.catalina.core.StandardContext reload
Informazioni: Reloading Context with name [/corsostudi] is completed
apr 24, 2014 12:46:35 PM org.apache.catalina.core.StandardContext reload
Informazioni: Reloading Context with name [/corsostudi] has started
apr 24, 2014 12:46:35 PM org.apache.catalina.loader.WebappClassLoader clearReferencesJdbc
Grave: The web application [/corsostudi] registered the JDBC driver [org.postgresql.Driver] but failed to unregister it when the web application was stopped. To prevent a memory leak, the JDBC Driver has been forcibly unregistered.
apr 24, 2014 12:46:36 PM org.apache.catalina.core.StandardContext reload
Informazioni: Reloading Context with name [/corsostudi] is completed
apr 24, 2014 12:54:36 PM org.apache.catalina.core.StandardContext reload
Informazioni: Reloading Context with name [/corsostudi] has started
apr 24, 2014 12:54:36 PM org.apache.catalina.loader.WebappClassLoader clearReferencesJdbc
Grave: The web application [/corsostudi] registered the JDBC driver [org.postgresql.Driver] but failed to unregister it when the web application was stopped. To prevent a memory leak, the JDBC Driver has been forcibly unregistered.
apr 24, 2014 12:54:36 PM org.apache.catalina.core.StandardContext reload
Informazioni: Reloading Context with name [/corsostudi] is completed
apr 24, 2014 1:06:17 PM org.apache.catalina.core.StandardContext reload
Informazioni: Reloading Context with name [/corsostudi] has started
apr 24, 2014 1:06:17 PM org.apache.catalina.loader.WebappClassLoader clearReferencesJdbc
Grave: The web application [/corsostudi] registered the JDBC driver [org.postgresql.Driver] but failed to unregister it when the web application was stopped. To prevent a memory leak, the JDBC Driver has been forcibly unregistered.
apr 24, 2014 1:06:17 PM org.apache.catalina.core.StandardContext reload
Informazioni: Reloading Context with name [/corsostudi] is completed
apr 24, 2014 1:11:07 PM org.apache.catalina.core.StandardContext reload
Informazioni: Reloading Context with name [/corsostudi] has started
apr 24, 2014 1:11:07 PM org.apache.catalina.loader.WebappClassLoader clearReferencesJdbc
Grave: The web application [/corsostudi] registered the JDBC driver [org.postgresql.Driver] but failed to unregister it when the web application was stopped. To prevent a memory leak, the JDBC Driver has been forcibly unregistered.
apr 24, 2014 1:11:08 PM org.apache.catalina.core.StandardContext reload
Informazioni: Reloading Context with name [/corsostudi] is completed
apr 24, 2014 1:14:48 PM org.apache.catalina.core.StandardContext reload
Informazioni: Reloading Context with name [/corsostudi] has started
apr 24, 2014 1:14:48 PM org.apache.catalina.loader.WebappClassLoader clearReferencesJdbc
Grave: The web application [/corsostudi] registered the JDBC driver [org.postgresql.Driver] but failed to unregister it when the web application was stopped. To prevent a memory leak, the JDBC Driver has been forcibly unregistered.
apr 24, 2014 1:14:48 PM org.apache.catalina.core.StandardContext reload
Informazioni: Reloading Context with name [/corsostudi] is completed
apr 24, 2014 1:38:47 PM org.apache.coyote.AbstractProtocol pause
Informazioni: Pausing ProtocolHandler ["http-bio-8080"]
apr 24, 2014 1:38:47 PM org.apache.coyote.AbstractProtocol pause
Informazioni: Pausing ProtocolHandler ["ajp-bio-8009"]
apr 24, 2014 1:38:47 PM org.apache.catalina.core.StandardService stopInternal
Informazioni: Stopping service Catalina
apr 24, 2014 1:38:47 PM org.apache.catalina.loader.WebappClassLoader clearReferencesJdbc
Grave: The web application [/corsostudi] registered the JDBC driver [org.postgresql.Driver] but failed to unregister it when the web application was stopped. To prevent a memory leak, the JDBC Driver has been forcibly unregistered.
apr 24, 2014 1:38:47 PM org.apache.coyote.AbstractProtocol stop
Informazioni: Stopping ProtocolHandler ["http-bio-8080"]
apr 24, 2014 1:38:47 PM org.apache.coyote.AbstractProtocol stop
Informazioni: Stopping ProtocolHandler ["ajp-bio-8009"]
apr 24, 2014 1:38:47 PM org.apache.coyote.AbstractProtocol destroy
Informazioni: Destroying ProtocolHandler ["http-bio-8080"]
apr 24, 2014 1:38:47 PM org.apache.coyote.AbstractProtocol destroy
Informazioni: Destroying ProtocolHandler ["ajp-bio-8009"]
apr 24, 2014 2:57:11 PM org.apache.catalina.core.AprLifecycleListener init
Informazioni: The APR based Apache Tomcat Native library which allows optimal performance in production environments was not found on the java.library.path: /usr/java/packages/lib/amd64:/usr/lib64:/lib64:/lib:/usr/lib
apr 24, 2014 2:57:11 PM org.apache.tomcat.util.digester.SetPropertiesRule begin
Avvertenza: [SetPropertiesRule]{Server/Service/Engine/Host} Setting property 'xmlValidation' to 'false' did not find a matching property.
apr 24, 2014 2:57:11 PM org.apache.tomcat.util.digester.SetPropertiesRule begin
Avvertenza: [SetPropertiesRule]{Server/Service/Engine/Host} Setting property 'xmlNamespaceAware' to 'false' did not find a matching property.
apr 24, 2014 2:57:11 PM org.apache.coyote.AbstractProtocol init
Informazioni: Initializing ProtocolHandler ["http-bio-8080"]
apr 24, 2014 2:57:11 PM org.apache.coyote.AbstractProtocol init
Informazioni: Initializing ProtocolHandler ["ajp-bio-8009"]
apr 24, 2014 2:57:11 PM org.apache.catalina.startup.Catalina load
Informazioni: Initialization processed in 744 ms
apr 24, 2014 2:57:11 PM org.apache.catalina.core.StandardService startInternal
Informazioni: Starting service Catalina
apr 24, 2014 2:57:11 PM org.apache.catalina.core.StandardEngine startInternal
Informazioni: Starting Servlet Engine: Apache Tomcat/7.0.30
apr 24, 2014 2:57:11 PM org.apache.catalina.startup.HostConfig deployDirectory
Informazioni: Deploying web application directory /home/accounts/studenti/id637fga/tomcat/webapps/corsostudi
apr 24, 2014 2:57:11 PM org.apache.catalina.startup.SetContextPropertiesRule begin
Avvertenza: [SetContextPropertiesRule]{Context} Setting property 'isInvokerEnabled' to 'true' did not find a matching property.
apr 24, 2014 2:57:12 PM org.apache.catalina.startup.HostConfig deployDirectory
Informazioni: Deploying web application directory /home/accounts/studenti/id637fga/tomcat/webapps/hello
apr 24, 2014 2:57:12 PM org.apache.catalina.startup.SetContextPropertiesRule begin
Avvertenza: [SetContextPropertiesRule]{Context} Setting property 'isInvokerEnabled' to 'true' did not find a matching property.
apr 24, 2014 2:57:13 PM org.apache.catalina.startup.HostConfig deployDirectory
Informazioni: Deploying web application directory /home/accounts/studenti/id637fga/tomcat/webapps/ROOT
apr 24, 2014 2:57:13 PM org.apache.catalina.startup.SetContextPropertiesRule begin
Avvertenza: [SetContextPropertiesRule]{Context} Setting property 'isInvokerEnabled' to 'true' did not find a matching property.
apr 24, 2014 2:57:14 PM org.apache.coyote.AbstractProtocol start
Informazioni: Starting ProtocolHandler ["http-bio-8080"]
apr 24, 2014 2:57:14 PM org.apache.coyote.AbstractProtocol start
Informazioni: Starting ProtocolHandler ["ajp-bio-8009"]
apr 24, 2014 2:57:14 PM org.apache.catalina.startup.Catalina start
Informazioni: Server startup in 2783 ms
apr 24, 2014 3:02:46 PM org.apache.coyote.AbstractProtocol pause
Informazioni: Pausing ProtocolHandler ["http-bio-8080"]
apr 24, 2014 3:02:46 PM org.apache.coyote.AbstractProtocol pause
Informazioni: Pausing ProtocolHandler ["ajp-bio-8009"]
apr 24, 2014 3:02:46 PM org.apache.catalina.core.StandardService stopInternal
Informazioni: Stopping service Catalina
apr 24, 2014 3:02:46 PM org.apache.catalina.loader.WebappClassLoader clearReferencesJdbc
Grave: The web application [/corsostudi] registered the JDBC driver [org.postgresql.Driver] but failed to unregister it when the web application was stopped. To prevent a memory leak, the JDBC Driver has been forcibly unregistered.
apr 24, 2014 3:02:46 PM org.apache.coyote.AbstractProtocol stop
Informazioni: Stopping ProtocolHandler ["http-bio-8080"]
apr 24, 2014 3:02:46 PM org.apache.coyote.AbstractProtocol stop
Informazioni: Stopping ProtocolHandler ["ajp-bio-8009"]
apr 24, 2014 3:02:46 PM org.apache.coyote.AbstractProtocol destroy
Informazioni: Destroying ProtocolHandler ["http-bio-8080"]
apr 24, 2014 3:02:46 PM org.apache.coyote.AbstractProtocol destroy
Informazioni: Destroying ProtocolHandler ["ajp-bio-8009"]
apr 24, 2014 3:09:46 PM org.apache.catalina.core.AprLifecycleListener init
Informazioni: The APR based Apache Tomcat Native library which allows optimal performance in production environments was not found on the java.library.path: /usr/java/packages/lib/amd64:/usr/lib64:/lib64:/lib:/usr/lib
apr 24, 2014 3:09:46 PM org.apache.tomcat.util.digester.SetPropertiesRule begin
Avvertenza: [SetPropertiesRule]{Server/Service/Engine/Host} Setting property 'xmlValidation' to 'false' did not find a matching property.
apr 24, 2014 3:09:46 PM org.apache.tomcat.util.digester.SetPropertiesRule begin
Avvertenza: [SetPropertiesRule]{Server/Service/Engine/Host} Setting property 'xmlNamespaceAware' to 'false' did not find a matching property.
apr 24, 2014 3:09:46 PM org.apache.coyote.AbstractProtocol init
Informazioni: Initializing ProtocolHandler ["http-bio-8080"]
apr 24, 2014 3:09:46 PM org.apache.coyote.AbstractProtocol init
Informazioni: Initializing ProtocolHandler ["ajp-bio-8009"]
apr 24, 2014 3:09:46 PM org.apache.catalina.startup.Catalina load
Informazioni: Initialization processed in 791 ms
apr 24, 2014 3:09:46 PM org.apache.catalina.core.StandardService startInternal
Informazioni: Starting service Catalina
apr 24, 2014 3:09:46 PM org.apache.catalina.core.StandardEngine startInternal
Informazioni: Starting Servlet Engine: Apache Tomcat/7.0.30
apr 24, 2014 3:09:46 PM org.apache.catalina.startup.HostConfig deployDirectory
Informazioni: Deploying web application directory /home/accounts/studenti/id637fga/tomcat/webapps/corsostudi
apr 24, 2014 3:09:46 PM org.apache.catalina.startup.SetContextPropertiesRule begin
Avvertenza: [SetContextPropertiesRule]{Context} Setting property 'isInvokerEnabled' to 'true' did not find a matching property.
apr 24, 2014 3:09:47 PM org.apache.catalina.startup.HostConfig deployDirectory
Informazioni: Deploying web application directory /home/accounts/studenti/id637fga/tomcat/webapps/hello
apr 24, 2014 3:09:48 PM org.apache.catalina.startup.SetContextPropertiesRule begin
Avvertenza: [SetContextPropertiesRule]{Context} Setting property 'isInvokerEnabled' to 'true' did not find a matching property.
apr 24, 2014 3:09:48 PM org.apache.catalina.startup.HostConfig deployDirectory
Informazioni: Deploying web application directory /home/accounts/studenti/id637fga/tomcat/webapps/ROOT
apr 24, 2014 3:09:48 PM org.apache.catalina.startup.SetContextPropertiesRule begin
Avvertenza: [SetContextPropertiesRule]{Context} Setting property 'isInvokerEnabled' to 'true' did not find a matching property.
apr 24, 2014 3:09:49 PM org.apache.coyote.AbstractProtocol start
Informazioni: Starting ProtocolHandler ["http-bio-8080"]
apr 24, 2014 3:09:49 PM org.apache.coyote.AbstractProtocol start
Informazioni: Starting ProtocolHandler ["ajp-bio-8009"]
apr 24, 2014 3:09:49 PM org.apache.catalina.startup.Catalina start
Informazioni: Server startup in 2786 ms
apr 24, 2014 3:42:01 PM org.apache.catalina.core.StandardContext reload
Informazioni: Reloading Context with name [/corsostudi] has started
apr 24, 2014 3:42:01 PM org.apache.catalina.loader.WebappClassLoader clearReferencesJdbc
Grave: The web application [/corsostudi] registered the JDBC driver [org.postgresql.Driver] but failed to unregister it when the web application was stopped. To prevent a memory leak, the JDBC Driver has been forcibly unregistered.
apr 24, 2014 3:42:01 PM org.apache.catalina.core.StandardContext reload
Informazioni: Reloading Context with name [/corsostudi] is completed
apr 24, 2014 3:43:11 PM org.apache.catalina.core.StandardContext reload
Informazioni: Reloading Context with name [/corsostudi] has started
apr 24, 2014 3:43:11 PM org.apache.catalina.loader.WebappClassLoader clearReferencesJdbc
Grave: The web application [/corsostudi] registered the JDBC driver [org.postgresql.Driver] but failed to unregister it when the web application was stopped. To prevent a memory leak, the JDBC Driver has been forcibly unregistered.
apr 24, 2014 3:43:12 PM org.apache.catalina.core.StandardContext reload
Informazioni: Reloading Context with name [/corsostudi] is completed
apr 24, 2014 3:44:22 PM org.apache.catalina.core.StandardContext reload
Informazioni: Reloading Context with name [/corsostudi] has started
apr 24, 2014 3:44:22 PM org.apache.catalina.loader.WebappClassLoader clearReferencesJdbc
Grave: The web application [/corsostudi] registered the JDBC driver [org.postgresql.Driver] but failed to unregister it when the web application was stopped. To prevent a memory leak, the JDBC Driver has been forcibly unregistered.
apr 24, 2014 3:44:22 PM org.apache.catalina.core.StandardContext reload
Informazioni: Reloading Context with name [/corsostudi] is completed
apr 24, 2014 3:44:36 PM org.apache.catalina.core.StandardServer await
Informazioni: A valid shutdown command was received via the shutdown port. Stopping the Server instance.
apr 24, 2014 3:44:36 PM org.apache.coyote.AbstractProtocol pause
Informazioni: Pausing ProtocolHandler ["http-bio-8080"]
apr 24, 2014 3:44:36 PM org.apache.coyote.AbstractProtocol pause
Informazioni: Pausing ProtocolHandler ["ajp-bio-8009"]
apr 24, 2014 3:44:40 PM org.apache.catalina.core.AprLifecycleListener init
Informazioni: The APR based Apache Tomcat Native library which allows optimal performance in production environments was not found on the java.library.path: /usr/java/packages/lib/amd64:/usr/lib64:/lib64:/lib:/usr/lib
apr 24, 2014 3:44:40 PM org.apache.tomcat.util.digester.SetPropertiesRule begin
Avvertenza: [SetPropertiesRule]{Server/Service/Engine/Host} Setting property 'xmlValidation' to 'false' did not find a matching property.
apr 24, 2014 3:44:40 PM org.apache.tomcat.util.digester.SetPropertiesRule begin
Avvertenza: [SetPropertiesRule]{Server/Service/Engine/Host} Setting property 'xmlNamespaceAware' to 'false' did not find a matching property.
apr 24, 2014 3:44:40 PM org.apache.coyote.AbstractProtocol init
Informazioni: Initializing ProtocolHandler ["http-bio-8080"]
apr 24, 2014 3:44:40 PM org.apache.coyote.AbstractProtocol init
Informazioni: Initializing ProtocolHandler ["ajp-bio-8009"]
apr 24, 2014 3:44:40 PM org.apache.catalina.startup.Catalina load
Informazioni: Initialization processed in 617 ms
apr 24, 2014 3:44:40 PM org.apache.catalina.core.StandardService startInternal
Informazioni: Starting service Catalina
apr 24, 2014 3:44:40 PM org.apache.catalina.core.StandardEngine startInternal
Informazioni: Starting Servlet Engine: Apache Tomcat/7.0.30
apr 24, 2014 3:44:40 PM org.apache.catalina.startup.HostConfig deployDirectory
Informazioni: Deploying web application directory /home/accounts/studenti/id637fga/tomcat/webapps/corsostudi
apr 24, 2014 3:44:41 PM org.apache.catalina.startup.SetContextPropertiesRule begin
Avvertenza: [SetContextPropertiesRule]{Context} Setting property 'isInvokerEnabled' to 'true' did not find a matching property.
apr 24, 2014 3:44:42 PM org.apache.catalina.startup.HostConfig deployDirectory
Informazioni: Deploying web application directory /home/accounts/studenti/id637fga/tomcat/webapps/hello
apr 24, 2014 3:44:42 PM org.apache.catalina.startup.SetContextPropertiesRule begin
Avvertenza: [SetContextPropertiesRule]{Context} Setting property 'isInvokerEnabled' to 'true' did not find a matching property.
apr 24, 2014 3:44:43 PM org.apache.catalina.startup.HostConfig deployDirectory
Informazioni: Deploying web application directory /home/accounts/studenti/id637fga/tomcat/webapps/ROOT
apr 24, 2014 3:44:43 PM org.apache.catalina.startup.SetContextPropertiesRule begin
Avvertenza: [SetContextPropertiesRule]{Context} Setting property 'isInvokerEnabled' to 'true' did not find a matching property.
apr 24, 2014 3:44:43 PM org.apache.coyote.AbstractProtocol start
Informazioni: Starting ProtocolHandler ["http-bio-8080"]
apr 24, 2014 3:44:43 PM org.apache.coyote.AbstractProtocol start
Informazioni: Starting ProtocolHandler ["ajp-bio-8009"]
apr 24, 2014 3:44:43 PM org.apache.catalina.startup.Catalina start
Informazioni: Server startup in 2669 ms
apr 24, 2014 3:46:23 PM org.apache.catalina.core.StandardContext reload
Informazioni: Reloading Context with name [/corsostudi] has started
apr 24, 2014 3:46:23 PM org.apache.catalina.loader.WebappClassLoader clearReferencesJdbc
Grave: The web application [/corsostudi] registered the JDBC driver [org.postgresql.Driver] but failed to unregister it when the web application was stopped. To prevent a memory leak, the JDBC Driver has been forcibly unregistered.
apr 24, 2014 3:46:24 PM org.apache.catalina.core.StandardContext reload
Informazioni: Reloading Context with name [/corsostudi] is completed
apr 24, 2014 3:47:24 PM org.apache.catalina.core.StandardContext reload
Informazioni: Reloading Context with name [/corsostudi] has started
apr 24, 2014 3:47:24 PM org.apache.catalina.core.StandardContext reload
Informazioni: Reloading Context with name [/corsostudi] is completed
apr 24, 2014 3:47:54 PM org.apache.catalina.core.StandardContext reload
Informazioni: Reloading Context with name [/corsostudi] has started
apr 24, 2014 3:47:54 PM org.apache.catalina.loader.WebappClassLoader clearReferencesJdbc
Grave: The web application [/corsostudi] registered the JDBC driver [org.postgresql.Driver] but failed to unregister it when the web application was stopped. To prevent a memory leak, the JDBC Driver has been forcibly unregistered.
apr 24, 2014 3:47:54 PM org.apache.catalina.core.StandardContext reload
Informazioni: Reloading Context with name [/corsostudi] is completed
apr 24, 2014 3:48:04 PM org.apache.catalina.core.StandardContext reload
Informazioni: Reloading Context with name [/corsostudi] has started
apr 24, 2014 3:48:05 PM org.apache.catalina.core.StandardContext reload
Informazioni: Reloading Context with name [/corsostudi] is completed
apr 24, 2014 3:48:25 PM org.apache.catalina.core.StandardContext reload
Informazioni: Reloading Context with name [/corsostudi] has started
apr 24, 2014 3:48:25 PM org.apache.catalina.loader.WebappClassLoader clearReferencesJdbc
Grave: The web application [/corsostudi] registered the JDBC driver [org.postgresql.Driver] but failed to unregister it when the web application was stopped. To prevent a memory leak, the JDBC Driver has been forcibly unregistered.
apr 24, 2014 3:48:25 PM org.apache.catalina.core.StandardContext reload
Informazioni: Reloading Context with name [/corsostudi] is completed
apr 24, 2014 3:48:45 PM org.apache.catalina.core.StandardContext reload
Informazioni: Reloading Context with name [/corsostudi] has started
apr 24, 2014 3:48:45 PM org.apache.catalina.loader.WebappClassLoader clearReferencesJdbc
Grave: The web application [/corsostudi] registered the JDBC driver [org.postgresql.Driver] but failed to unregister it when the web application was stopped. To prevent a memory leak, the JDBC Driver has been forcibly unregistered.
apr 24, 2014 3:48:46 PM org.apache.catalina.core.StandardContext reload
Informazioni: Reloading Context with name [/corsostudi] is completed
apr 24, 2014 3:57:36 PM org.apache.catalina.core.StandardContext reload
Informazioni: Reloading Context with name [/corsostudi] has started
apr 24, 2014 3:57:36 PM org.apache.catalina.loader.WebappClassLoader clearReferencesJdbc
Grave: The web application [/corsostudi] registered the JDBC driver [org.postgresql.Driver] but failed to unregister it when the web application was stopped. To prevent a memory leak, the JDBC Driver has been forcibly unregistered.
apr 24, 2014 3:57:36 PM org.apache.catalina.core.StandardContext reload
Informazioni: Reloading Context with name [/corsostudi] is completed
apr 24, 2014 4:05:36 PM org.apache.catalina.core.StandardContext reload
Informazioni: Reloading Context with name [/corsostudi] has started
apr 24, 2014 4:05:36 PM org.apache.catalina.loader.WebappClassLoader clearReferencesJdbc
Grave: The web application [/corsostudi] registered the JDBC driver [org.postgresql.Driver] but failed to unregister it when the web application was stopped. To prevent a memory leak, the JDBC Driver has been forcibly unregistered.
apr 24, 2014 4:05:37 PM org.apache.catalina.core.StandardContext reload
Informazioni: Reloading Context with name [/corsostudi] is completed
apr 24, 2014 4:05:47 PM org.apache.catalina.core.StandardContext reload
Informazioni: Reloading Context with name [/corsostudi] has started
apr 24, 2014 4:05:47 PM org.apache.catalina.loader.WebappClassLoader clearReferencesJdbc
Grave: The web application [/corsostudi] registered the JDBC driver [org.postgresql.Driver] but failed to unregister it when the web application was stopped. To prevent a memory leak, the JDBC Driver has been forcibly unregistered.
apr 24, 2014 4:05:47 PM org.apache.catalina.core.StandardContext reload
Informazioni: Reloading Context with name [/corsostudi] is completed
apr 24, 2014 4:06:07 PM org.apache.catalina.core.StandardContext reload
Informazioni: Reloading Context with name [/corsostudi] has started
apr 24, 2014 4:06:07 PM org.apache.catalina.loader.WebappClassLoader clearReferencesJdbc
Grave: The web application [/corsostudi] registered the JDBC driver [org.postgresql.Driver] but failed to unregister it when the web application was stopped. To prevent a memory leak, the JDBC Driver has been forcibly unregistered.
apr 24, 2014 4:06:07 PM org.apache.catalina.core.StandardContext reload
Informazioni: Reloading Context with name [/corsostudi] is completed
apr 24, 2014 4:09:48 PM org.apache.catalina.core.StandardContext reload
Informazioni: Reloading Context with name [/corsostudi] has started
apr 24, 2014 4:09:48 PM org.apache.catalina.loader.WebappClassLoader clearReferencesJdbc
Grave: The web application [/corsostudi] registered the JDBC driver [org.postgresql.Driver] but failed to unregister it when the web application was stopped. To prevent a memory leak, the JDBC Driver has been forcibly unregistered.
apr 24, 2014 4:09:48 PM org.apache.catalina.core.StandardContext reload
Informazioni: Reloading Context with name [/corsostudi] is completed
apr 24, 2014 4:11:18 PM org.apache.catalina.core.StandardContext reload
Informazioni: Reloading Context with name [/corsostudi] has started
apr 24, 2014 4:11:18 PM org.apache.catalina.loader.WebappClassLoader clearReferencesJdbc
Grave: The web application [/corsostudi] registered the JDBC driver [org.postgresql.Driver] but failed to unregister it when the web application was stopped. To prevent a memory leak, the JDBC Driver has been forcibly unregistered.
apr 24, 2014 4:11:18 PM org.apache.catalina.core.StandardContext reload
Informazioni: Reloading Context with name [/corsostudi] is completed
apr 24, 2014 6:35:07 PM org.apache.coyote.AbstractProtocol pause
Informazioni: Pausing ProtocolHandler ["http-bio-8080"]
apr 24, 2014 6:35:07 PM org.apache.coyote.AbstractProtocol pause
Informazioni: Pausing ProtocolHandler ["ajp-bio-8009"]
apr 24, 2014 6:35:07 PM org.apache.catalina.core.StandardService stopInternal
Informazioni: Stopping service Catalina
apr 24, 2014 6:35:07 PM org.apache.catalina.loader.WebappClassLoader clearReferencesJdbc
Grave: The web application [/corsostudi] registered the JDBC driver [org.postgresql.Driver] but failed to unregister it when the web application was stopped. To prevent a memory leak, the JDBC Driver has been forcibly unregistered.
apr 24, 2014 6:35:07 PM org.apache.coyote.AbstractProtocol stop
Informazioni: Stopping ProtocolHandler ["http-bio-8080"]
apr 24, 2014 6:35:07 PM org.apache.coyote.AbstractProtocol stop
Informazioni: Stopping ProtocolHandler ["ajp-bio-8009"]
apr 24, 2014 6:35:07 PM org.apache.coyote.AbstractProtocol destroy
Informazioni: Destroying ProtocolHandler ["http-bio-8080"]
apr 24, 2014 6:35:07 PM org.apache.coyote.AbstractProtocol destroy
Informazioni: Destroying ProtocolHandler ["ajp-bio-8009"]
